2023-05-09 23:09:24,582 =============================================================
2023-05-09 23:09:24,582 =============================================================
2023-05-09 23:09:24,583 Today is 2023-05-09 at 11:09 PM
2023-05-09 23:09:24,583 This file is running on: posix Darwin 20.6.0
2023-05-09 23:09:24,583 The Python version is: 3.11.3
2023-05-09 23:09:24,583 The active conda environment is:  None
2023-05-09 23:09:24,583 The active pip environment is:    None
2023-05-09 23:09:24,583 The active environment path is:   /Library/Frameworks/Python.framework/Versions/3.11
2023-05-09 23:09:24,583 The current working directory is: /Users/sarah/Documents/datafun-01-getting-started-1
2023-05-09 23:09:24,583 This source file is in:           /Users/sarah/Documents/datafun-01-getting-started-1
2023-05-09 23:09:24,583 =============================================================
2023-05-09 23:09:24,583 =============================================================
2023-05-09 23:09:24,583 Name: Sarah DeConink
2023-05-09 23:09:24,583 State: Missouri
2023-05-09 23:09:24,583 Country: USA
2023-05-09 23:09:24,583 Pet count: 2
2023-05-09 23:09:24,583 Skill count: 5
2023-05-09 23:09:24,583 Temperature: 78
2023-05-09 23:09:24,583 Pet weight: 8.5
2023-05-09 23:09:24,583 Has dog: False
2023-05-09 23:09:24,583 Likes analytics: True
2023-05-09 23:09:24,584 Likes Python: True
